This is pdfTeX, Version 3.14159265-2.6-1.40.21 (TeX Live 2020) (preloaded format=pdfcsplain 2020.11.8)  19 NOV 2020 17:38
entering extended mode
 restricted \write18 enabled.
 %&-line parsing enabled.
 encTeX v. Jun. 2004, reencoding enabled
**report.tex
(./report.tex The format: csplain <Mar. 2019>.
The cs-fonts are preloaded and A4 size implicitly defined.
The utf8->iso8859-2 re-encoding of Czech+Slovak alphabet activated by encTeX
(/usr/share/texlive/texmf-dist/tex/csplain/opmac/opmac.tex
This is OPmac (Olsak's Plain macros), version <Apr. 2020>
\tmpnum=\count28
\tmpdim=\dimen16
\iindent=\dimen17
\ttindent=\dimen18
\colsep=\dimen19
\mnoteindent=\dimen20
\mnotesize=\dimen21
\titskip=\skip18
\ptunit=\dimen22
\fontdim=\dimen23
(/usr/share/texlive/texmf-dist/tex/csplain/fonts/ams-math.tex
FONT: AMS math fonts - \mathchardef's prepared, 12 math families preloaded.
\ptmunit=\dimen24
)
The \^, \`, \', \v, \" and \r expands to characters by ISO-8859-2.
\reffile=\write0
\testin=\read0
\chapnum=\count29
\secnum=\count30
\seccnum=\count31
\nonumnum=\count32
\remskipamount=\skip19
\tnum=\count33
\fnum=\count34
\dnum=\count35
\itemnum=\count36
\mullines=\count37
\oulnum=\count38
\ttline=\count39
\viline=\count40
\vifile=\read1
\tabdata=\toks12
\colnum=\count41
\drulewidth=\dimen25
\picwidth=\dimen26
\picheight=\dimen27
\fnotenum=\count42
\fnotenumlocal=\count43
\mnotenum=\count44
\mnoteskip=\dimen28
\auxfile=\write1
\bibnum=\count45
\bibmark=\toks13
\lastcitenum=\count46
\lastpage=\count47
\pgwidth=\dimen29
\pgheight=\dimen30
\shiftoffset=\dimen31

(./report.ref)
\openout0 = `report.ref'.

) [1{/usr/share/texlive/texmf-dist/fonts/map/pdftex/updmap/pdftex.map}]
Underfull \vbox (badness 8038) has occurred while \output is active
\vbox(680.5899+1.94444)x452.96786, glue set 4.31769
.\glue(\topskip) 0.0
.\hbox(10.00053+2.80014)x452.96786, glue set 122.22667fil
..\write0<3>{\string \Xtoc {1}{\noexpand \rm }{3}{Naměřené hodnoty a interpr
eta\ETC.}
..\tenbf 3
..\glue 16.20088
..\tenbf N
..\tenbf a
..\tenbf m
..\tenbf ě
..\tenbf ř
..\tenbf e
..\tenbf n
..\tenbf é
..\glue 5.40028 plus 2.70013 minus 1.8001
..\tenbf h
..\tenbf o
..\kern0.45001
..\tenbf d
..\tenbf n
..\tenbf o
..\tenbf t
..\kern-0.45003
..\tenbf y
..\glue 5.40028 plus 2.70013 minus 1.8001
..\tenbf a
..\glue 5.40028 plus 2.70013 minus 1.8001
..\tenbf i
..\tenbf n
..\kern-0.45003
..\tenbf t
..\tenbf e
..\tenbf r
..etc.
.\mark{{3} {Naměřené hodnoty a interpretace výsledků}}
.\penalty 10000
.\glue 6.0 plus 2.0 minus 2.0
.\penalty 11333
.\glue(\parskip) 0.0 plus 1.0
.\glue(\baselineskip) 2.25542
.\hbox(6.94444+1.94444)x452.96786, glue set 152.18951fil
..\thefont T
..\kern-0.83334
..\thefont a
..\thefont t
..\thefont o
..\glue 3.33333 plus 1.66666 minus 1.11111
..\thefont k
..\kern-0.27779
..\thefont a
..\thefont p
..\thefont i
..\thefont t
..\thefont o
..\thefont l
..\thefont a
..\glue 3.33333 plus 1.66666 minus 1.11111
..\thefont s
..\thefont h
..\thefont r
..\thefont n
..\thefont e
..\glue 3.33333 plus 1.66666 minus 1.11111
..\thefont a
..\glue 3.33333 plus 1.66666 minus 1.11111
..\thefont p
..\thefont r
..\thefont e
..\thefont z
..\thefont e
..\thefont n
..etc.
.\penalty -200
.\glue 6.0 plus 2.0 minus 2.0
.\glue(\parskip) 0.0 plus 1.0
.\glue(\baselineskip) 4.1226
.\hbox(8.33383+0.0)x452.96786, glue set 354.99242fil
..\write0<3>{\Xlabel{rob}{3.1}}
..\write0<3>{\string \Xtoc {2}{\noexpand \rm }{3.1}{Robustnost}{\the \pageno }}

..\tenbf 3
..\tenbf .
..\tenbf 1
..\glue 13.50082
..\tenbf R
..\tenbf o
..\tenbf b
..\tenbf u
..\tenbf s
..\tenbf t
..\tenbf n
..\tenbf o
..\tenbf s
..\tenbf t
..\penalty 10000
..\glue(\parfillskip) 0.0 plus 1.0fil
..\glue(\rightskip) 0.0
.\penalty 10000
.\glue 6.0 plus 2.0 minus 2.0
.\penalty 11333
.\glue(\parskip) 0.0 plus 1.0
.\glue(\baselineskip) 5.05556
.\hbox(6.94444+1.94444)x452.96786, glue set 0.69359
..\thefont U
..\glue 3.33333 plus 1.66498 minus 1.11221
..\thefont h
..\thefont r
..\thefont u
..\thefont b
..\kern0.27779
..\thefont é
..\glue 3.33333 plus 1.66666 minus 1.11111
..\thefont s
..\thefont í
..\thefont l
..\thefont y
..\glue 3.33333 plus 1.66666 minus 1.11111
..\thefont n
..\thefont e
..\thefont n
..\thefont í
..\glue 3.33333 plus 1.66666 minus 1.11111
..\thefont t
..\thefont ř
..\thefont e
..\thefont b
..\thefont a
..\glue 3.33333 plus 1.66666 minus 1.11111
..\thefont m
..\thefont ě
..\thefont ř
..\thefont i
..\thefont t
..etc.
.\penalty 10000
.\glue(\baselineskip) 3.11111
.\hbox(6.94444+1.94444)x452.96786, glue set 0.49358
..\thefont s
..\thefont l
..\thefont o
..\thefont ž
..\thefont i
..\thefont t
..\thefont o
..\thefont s
..\thefont t
..\glue 3.33333 plus 1.66666 minus 1.11111
..\thefont j
..\thefont e
..\glue 3.33333 plus 1.66666 minus 1.11111
..\thefont n
..\thefont e
..\thefont m
..\thefont ě
..\thefont n
..\thefont n
..\thefont á
..\glue 3.33333 plus 1.66666 minus 1.11111
..\mathon
..\thefont 2
..\hbox(3.01389+0.0)x5.44336, shifted -3.62892
...\mF n
..\mathoff
..\thefont .
..\glue 4.44444 plus 4.99997 minus 0.37036
..\thefont H
..\thefont e
..\thefont u
..etc.
.\penalty 10000
.\glue(\baselineskip) 3.11111
.\hbox(6.94444+1.94444)x452.96786, glue set 73.38383fil
..\thefont P
..\thefont r
..\thefont ů
..\thefont c
..\kern-0.27779
..\thefont h
..\thefont o
..\kern0.27779
..\thefont d
..\glue 3.33333 plus 1.66666 minus 1.11111
..\thefont p
..\kern0.27779
..\thefont e
..\thefont r
..\thefont m
..\kern-0.27779
..\thefont u
..\thefont t
..\thefont a
..\thefont c
..\thefont í
..\glue 3.33333 plus 1.66666 minus 1.11111
..\thefont j
..\thefont e
..\glue 3.33333 plus 1.66666 minus 1.11111
..\thefont t
..\thefont e
..\thefont d
..\thefont y
..\glue 3.33333 plus 1.66666 minus 1.11111
..etc.
.\glue(\parskip) 0.0 plus 1.0
.\glue(\baselineskip) 2.55556
.\hbox(7.5+2.5)x452.96786, glue set - 0.22107
..\hbox(0.0+0.0)x20.0
..\thefont V
..\thefont ý
..\thefont s
..\thefont l
..\thefont e
..\thefont d
..\thefont k
..\thefont y
..\glue 3.33333 plus 1.66666 minus 1.11111
..\thefont p
..\thefont i
..\thefont l
..\thefont o
..\thefont t
..\thefont n
..\thefont í
..\thefont h
..\thefont o
..\glue 3.33333 plus 1.66666 minus 1.11111
..\thefont e
..\thefont x
..\thefont p
..\kern0.27779
..\thefont e
..\thefont r
..\thefont i
..\thefont m
..\thefont e
..\thefont n
..etc.
.\penalty 10000
.etc.

 [2 <./robust-bab.pdf>]
l.151 OPmac WARNING: duplicated label [maxcena], ignored.
[3 <./robust-dynamic.pdf>] [4 <./maxcena-bab.pdf> <./maxcena-dyn.pdf

pdfTeX warning: pdfcsplain (file ./maxcena-dyn.pdf): PDF inclusion: multiple pd
fs with page group included in a single page
>] [5 <./corr-bab.pdf>] [6 <./corr-dyn.pdf> <./corr-redux.pdf

pdfTeX warning: pdfcsplain (file ./corr-redux.pdf): PDF inclusion: multiple pdf
s with page group included in a single page
>] [7 <./pomer-redux.pdf>] [8 <./gran-bab.pdf>] [9 <./gran-dyn.pdf> <./gran-red
ux.pdf

pdfTeX warning: pdfcsplain (file ./gran-redux.pdf): PDF inclusion: multiple pdf
s with page group included in a single page
>] [10] )</usr/share/texlive/texmf-dist/fonts/type1/public/amsfonts/cm/cmmi7.pf
b></usr/share/texlive/texmf-dist/fonts/type1/public/amsfonts/cm/cmsy10.pfb></us
r/share/texlive/texmf-dist/fonts/type1/public/cs/csbx10.pfb></usr/share/texlive
/texmf-dist/fonts/type1/public/cs/csbx12.pfb></usr/share/texlive/texmf-dist/fon
ts/type1/public/cs/csr10.pfb></usr/share/texlive/texmf-dist/fonts/type1/public/
cs/csr6.pfb></usr/share/texlive/texmf-dist/fonts/type1/public/cs/csr7.pfb></usr
/share/texlive/texmf-dist/fonts/type1/public/cs/csr8.pfb></usr/share/texlive/te
xmf-dist/fonts/type1/public/cs/csti10.pfb>
Output written on report.pdf (10 pages, 257006 bytes).
PDF statistics:
 206 PDF objects out of 1000 (max. 8388607)
 139 compressed objects within 2 object streams
 0 named destinations out of 1000 (max. 500000)
 56 words of extra memory for PDF output out of 10000 (max. 10000000)

